This is XeTeXk, Version 3.1415926-2.2-0.999.7 (Web2C 7.5.7) (format=xelatex 2009.2.11)  6 AUG 2009 12:37
entering extended mode
 %&-line parsing enabled.
**ra.tex
(./ra.tex
LaTeX2e <2005/12/01>
Babel <v3.8l> and hyphenation patterns for english, usenglishmax, dumylang, noh
yphenation, german-x-2008-06-18, ngerman-x-2008-06-18, ancientgreek, ibycus, ar
abic, basque, bulgarian, catalan, pinyin, coptic, croatian, czech, danish, dutc
h, esperanto, estonian, farsi, finnish, french, galician, german, ngerman, mono
greek, greek, hungarian, icelandic, indonesian, interlingua, irish, italian, la
tin, mongolian, mongolian2a, bokmal, nynorsk, polish, portuguese, romanian, rus
sian, sanskrit, serbian, slovak, slovenian, spanish, swedish, turkish, ukenglis
h, ukrainian, uppersorbian, welsh, loaded.
(c:/w32tex/share/texmf/tex/latex/base/article.cls
Document Class: article 2005/09/16 v1.4f Standard LaTeX document class
(c:/w32tex/share/texmf/tex/latex/base/size10.clo
File: size10.clo 2005/09/16 v1.4f Standard LaTeX file (size option)
)
\c@part=\count79
\c@section=\count80
\c@subsection=\count81
\c@subsubsection=\count82
\c@paragraph=\count83
\c@subparagraph=\count84
\c@figure=\count85
\c@table=\count86
\abovecaptionskip=\skip41
\belowcaptionskip=\skip42
\bibindent=\dimen102
)
(c:/w32tex/share/texmf/tex/xelatex/fontspec/fontspec.sty
Package: fontspec 2007/09/01 v1.16 Advanced font selection for XeLaTeX

(c:/w32tex/share/texmf/tex/generic/ifxetex/ifxetex.sty
Package: ifxetex 2008/09/18 v0.4 Provides ifxetex conditional
)
\c@zf@newff=\count87
\c@zf@index=\count88
\c@zf@script=\count89
\c@zf@language=\count90

(c:/w32tex/share/texmf/source/latex/tools/calc.sty
Package: calc 2005/08/06 v4.2 Infix arithmetic (KKT,FJ)
\calc@Acount=\count91
\calc@Bcount=\count92
\calc@Adimen=\dimen103
\calc@Bdimen=\dimen104
\calc@Askip=\skip43
\calc@Bskip=\skip44
LaTeX Info: Redefining \setlength on input line 75.
LaTeX Info: Redefining \addtolength on input line 76.
\calc@Ccount=\count93
\calc@Cskip=\skip45
)
(c:/w32tex/share/texmf/tex/xelatex/xkeyval/xkeyval.sty
Package: xkeyval 2005/11/25 v2.5e package option processing (HA)

(c:/w32tex/share/texmf/tex/xelatex/xkeyval/xkeyval.tex
\XKV@toks=\toks14
\XKV@depth=\count94
File: xkeyval.tex 2005/11/25 v2.5e key=value parser (HA)

(c:/w32tex/share/texmf/tex/xelatex/xkeyval/keyval.tex)))
(c:/w32tex/share/texmf/tex/latex/base/fontenc.sty
Package: fontenc 2005/09/27 v1.99g Standard LaTeX package

(c:/w32tex/share/texmf/tex/xelatex/euenc/eu1enc.def
File: eu1enc.def 2008/03/08 v0.1d Experimental unicode font encoding
)
LaTeX Font Info:    Try loading font information for EU1+lmr on input line 100.


(c:/w32tex/share/texmf/tex/xelatex/euenc/lm/eu1lmr.fd
File: eu1lmr.fd 2007/01/14 v1.3 Font defs for Latin Modern
))
LaTeX Info: Redefining \itshape on input line 1069.
LaTeX Info: Redefining \slshape on input line 1072.
LaTeX Info: Redefining \scshape on input line 1075.
LaTeX Info: Redefining \upshape on input line 1078.

fontspec.cfg loaded.
(c:/w32tex/share/texmf/tex/xelatex/fontspec/fontspec.cfg))
Package fontspec Info: Cambria scale = 0.92331 on input line 8.
\c@zf@famc@Cambria=\count95
Package fontspec Info: Defining font family for 'Cambria' with options [Scale=M
atchLowercase,Mapping=tex-text] on input line 8.
Package fontspec Info: Cambria scale = 0.92331 on input line 8.
Package fontspec Info: Cambria scale = 0.92331 on input line 8.
Package fontspec Info: Cambria/B scale = 0.8898 on input line 8.
Package fontspec Info: Cambria/B scale = 0.8898 on input line 8.
Package fontspec Info: Cambria/I scale = 0.92331 on input line 8.
Package fontspec Info: Cambria/I scale = 0.92331 on input line 8.
Package fontspec Info: Cambria/BI scale = 0.8898 on input line 8.
Package fontspec Info: Cambria/BI scale = 0.8898 on input line 8.
LaTeX Font Info:    Font shape `EU1/Cambria(0)/m/n' will be
(Font)              scaled to size 9.2331pt on input line 8.
Package fontspec Info: Cambria scale = 0.92331 on input line 9.
Package fontspec Info: Courier New scale = 1.01927 on input line 10.
\c@zf@famc@Courier New=\count96
Package fontspec Info: Defining font family for 'Courier New' with options [Sca
le=MatchLowercase,] on input line 10.
Package fontspec Info: Courier New scale = 1.01927 on input line 10.
Package fontspec Info: Courier New/B scale = 0.97212 on input line 10.
Package fontspec Info: Courier New/I scale = 1.01927 on input line 10.
Package fontspec Info: Courier New/BI scale = 0.97212 on input line 10.

(c:/w32tex/share/texmf/tex/xelatex/xltxtra/xltxtra.sty
Package: xltxtra 2008/03/11 v0.3c Improvements for the "XeLaTeX" format

(c:/w32tex/share/texmf/tex/latex/graphics/graphicx.sty
Package: graphicx 1999/02/16 v1.0f Enhanced LaTeX Graphics (DPC,SPQR)

(c:/w32tex/share/texmf/tex/latex/graphics/graphics.sty
Package: graphics 2006/02/20 v1.0o Standard LaTeX Graphics (DPC,SPQR)

(c:/w32tex/share/texmf/tex/latex/graphics/trig.sty
Package: trig 1999/03/16 v1.09 sin cos tan (DPC)
)
(c:/w32tex/share/texmf/tex/xelatex/graphics/graphics.cfg
File: graphics.cfg 2005/10/12 v1.3b graphics configuration of teTeX/TeXLive, ex
tended for XeTeX
)
Package graphics Info: Driver file: xetex.def on input line 90.

(c:/w32tex/share/texmf/tex/xelatex/graphics/xetex.def
File: xetex.def 2006/08/10 v0.92 LaTeX color/graphics driver for XeTeX (RRM, mo
d. JK)
))
\Gin@req@height=\dimen105
\Gin@req@width=\dimen106
)
(c:/w32tex/share/texmf/tex/xelatex/xunicode.sty
File: xunicode.sty 2008/02/08 v0.91 provides access to latin accents and many o
ther characters in Unicode lower plane
)
LaTeX Info: Redefining \TeX on input line 40.
LaTeX Info: Redefining \LaTeX on input line 46.

(c:/w32tex/share/texmf/tex/latex/etex/etex.sty
Package: etex 1998/03/26 v2.0 eTeX basic definition package (PEB)
\et@xins=\count97
)
(c:/w32tex/share/texmf/tex/latex/base/fixltx2e.sty
Package: fixltx2e 2006/03/24 v1.1n fixes to LaTeX
LaTeX Info: Redefining \em on input line 420.
)
LaTeX Info: Redefining \em on input line 115.
LaTeX Info: Redefining \emph on input line 124.
LaTeX Info: Redefining \- on input line 129.
LaTeX Info: Redefining \textsubscript on input line 148.
LaTeX Info: Redefining \textsuperscript on input line 150.
\xxt@tempbox=\box26
)
(c:/w32tex/share/texmf/source/xelatex/unicode-math/unicode-math.sty
Package: unicode-math 2008/01/21 v0.3 Unicode maths in XeLaTeX
\c@um@fam=\count98

(c:/w32tex/share/texmf/source/xelatex/unicode-math/unicode-math.tex)
(c:/w32tex/share/texmf/source/xelatex/unicode-math/unicode-math-add.tex))
(c:/w32tex/share/texmf/tex/latex/base/latexsym.sty
Package: latexsym 1998/08/17 v2.2e Standard LaTeX package (lasy symbols)
\symlasy=\mathgroup4
LaTeX Font Info:    Overwriting symbol font `lasy' in version `bold'
(Font)                  U/lasy/m/n --> U/lasy/b/n on input line 47.
)
(c:/w32tex/share/texmf/source/latex/tools/array.sty
Package: array 2005/08/23 v2.4b Tabular extension package (FMi)
\col@sep=\dimen107
\extrarowheight=\dimen108
\NC@list=\toks15
\extratabsurround=\skip46
\backup@length=\skip47
) (./ra.aux)
\openout1 = `ra.aux'.

LaTeX Font Info:    Checking defaults for OML/cmm/m/it on input line 17.
LaTeX Font Info:    ... okay on input line 17.
LaTeX Font Info:    Checking defaults for T1/cmr/m/n on input line 17.
LaTeX Font Info:    ... okay on input line 17.
LaTeX Font Info:    Checking defaults for OT1/cmr/m/n on input line 17.
LaTeX Font Info:    ... okay on input line 17.
LaTeX Font Info:    Checking defaults for OMS/cmsy/m/n on input line 17.
LaTeX Font Info:    ... okay on input line 17.
LaTeX Font Info:    Checking defaults for OMX/cmex/m/n on input line 17.
LaTeX Font Info:    ... okay on input line 17.
LaTeX Font Info:    Checking defaults for U/cmr/m/n on input line 17.
LaTeX Font Info:    ... okay on input line 17.
LaTeX Font Info:    Checking defaults for EU1/lmr/m/n on input line 17.
LaTeX Font Info:    ... okay on input line 17.
LaTeX Font Info:    Redeclaring math version `normal' on input line 17.
Package fontspec Info: Cambria Math scale = 0.92331 on input line 17.
\c@zf@famc@Cambria Math=\count99
Package fontspec Info: Defining font family for 'Cambria Math' with options [Sc
ale=MatchLowercase,Script=Math,SizeFeatures={{Size=10-},{Size=7-10,Font=Cambria
 Math,ScriptStyle},{Size=-7,Font=Cambria Math,ScriptScriptStyle}},] on input li
ne 17.
Package fontspec Info: Cambria Math scale = 0.92331 on input line 17.
Package fontspec Info: Cambria Math scale = 0.92331 on input line 17.
Package fontspec Info: Cambria Math scale = 0.92331 on input line 17.
Package fontspec Info: Could not resolve font Cambria Math/B (it might not exis
t) on input line 17.
Package fontspec Info: Could not resolve font Cambria Math/I (it might not exis
t) on input line 17.
Package fontspec Info: Could not resolve font Cambria Math/BI (it might not exi
st) on input line 17.
Package unicode-math Info: Defining the default maths font as 'Cambria Math' on
 input line 17.
\symum@allsym=\mathgroup5

(c:/w32tex/share/texmf/source/xelatex/unicode-math/unicode-math.tex)
(c:/w32tex/share/texmf/source/xelatex/unicode-math/unicode-math-add.tex)
LaTeX Font Info:    Font shape `EU1/Cambria(0)/m/n' will be
(Font)              scaled to size 15.95477pt on input line 19.
LaTeX Font Info:    Font shape `EU1/Cambria(0)/m/n' will be
(Font)              scaled to size 11.07971pt on input line 19.
LaTeX Font Info:    External font `cmex10' loaded for size
(Font)              <12> on input line 19.
LaTeX Font Info:    External font `cmex10' loaded for size
(Font)              <8> on input line 19.
LaTeX Font Info:    External font `cmex10' loaded for size
(Font)              <6> on input line 19.
LaTeX Font Info:    Try loading font information for U+lasy on input line 19.

(c:/w32tex/share/texmf/tex/latex/base/ulasy.fd
File: ulasy.fd 1998/08/17 v2.2e LaTeX symbol font definitions
)
LaTeX Font Info:    Font shape `EU1/CambriaMath(0)/m/n' will be
(Font)              scaled to size 11.07971pt on input line 19.
LaTeX Font Info:    Font shape `EU1/CambriaMath(0)/m/n' will be
(Font)              scaled to size 7.38647pt on input line 19.
LaTeX Font Info:    Font shape `EU1/CambriaMath(0)/m/n' will be
(Font)              scaled to size 5.53986pt on input line 19.
LaTeX Font Info:    Font shape `EU1/Cambria(0)/m/n' will be
(Font)              scaled to size 13.29564pt on input line 21.
LaTeX Font Info:    Font shape `EU1/Cambria(0)/bx/n' will be
(Font)              scaled to size 12.81313pt on input line 21.
LaTeX Font Info:    External font `cmex10' loaded for size
(Font)              <7> on input line 22.
LaTeX Font Info:    External font `cmex10' loaded for size
(Font)              <5> on input line 22.
LaTeX Font Info:    Font shape `EU1/CambriaMath(0)/m/n' will be
(Font)              scaled to size 9.2331pt on input line 22.
LaTeX Font Info:    Font shape `EU1/CambriaMath(0)/m/n' will be
(Font)              scaled to size 6.46317pt on input line 22.
LaTeX Font Info:    Font shape `EU1/CambriaMath(0)/m/n' will be
(Font)              scaled to size 4.61655pt on input line 22.
LaTeX Font Info:    Font shape `EU1/Cambria(0)/m/it' will be
(Font)              scaled to size 9.2331pt on input line 40.
LaTeX Font Info:    Font shape `EU1/CourierNew(0)/m/n' will be
(Font)              scaled to size 10.19272pt on input line 53.
 [1

]
Overfull \hbox (9.7644pt too wide) in paragraph at lines 61--61
[]\EU1/CourierNew(0)/m/n/10 select maker from V where maker not in ( select mak
er from U);[] 
 []

[2]
Overfull \hbox (9.76439pt too wide) in paragraph at lines 139--139
[]\EU1/CourierNew(0)/m/n/10 select * from (select hd,count(*) as hdc from PC gr
oup by hd )[] 
 []


Overfull \hbox (13.35158pt too wide) in paragraph at lines 176--177
[]\EU1/Cambria(0)/m/n/10 (j) find makers with the highest speed for PC and LapT
op. ( maker=B, model=1005,1006). 
 []

[3]
Overfull \hbox (20.58206pt too wide) in paragraph at lines 186--187
[]\EU1/Cambria(0)/m/n/10 (l) makers with atleast 3 different speeds. ( A (1.42,
2.1,2.66), D(2,2.2,2.8), E(1.86,2.8,3.06)) 
 []


Overfull \hbox (24.0365pt too wide) in paragraph at lines 196--196
[]\EU1/CourierNew(0)/m/n/10 create view Ri as select Product.maker, PC.model, P
C.speed from[] 
 []

[4] (./ra.aux) ) 
Here is how much of TeX's memory you used:
 7601 strings out of 494715
 105971 string characters out of 1168115
 268315 words of memory out of 1500000
 10756 multiletter control sequences out of 10000+50000
 7953 words of font info for 54 fonts, out of 2000000 for 2000
 669 hyphenation exceptions out of 8191
 33i,7n,60p,470b,246s stack positions out of 3000i,500n,5000p,500000b,5000s

Output written on ra.pdf (4 pages).
